<?xml version="1.0" encoding="UTF-8"?>
<testsuite xmlns:xsi="http://www.w3.org/2001/XMLSchema-instance" xsi:noNamespaceSchemaLocation="https://maven.apache.org/surefire/maven-surefire-plugin/xsd/surefire-test-report-3.0.xsd" version="3.0" name="com.paylite.wallet.TransferIntegrationTest" time="12.965" tests="1" errors="0" skipped="0" failures="0">
  <properties>
[...]
</properties>
  <testcase name="shouldCompleteFullTransferFlowEndToEnd" classname="com.paylite.wallet.TransferIntegrationTest" time="3.063">
    <system-out><![CDATA[2026-05-20T22:49:17.288+05:30  INFO 19364 --- [wallet-service] [           main] t.c.s.AnnotationConfigContextLoaderUtils : Could not detect default configuration classes for test class [com.paylite.wallet.TransferIntegrationTest]: TransferIntegrationTest does not declare any static, non-private, non-final, nested classes annotated with @Configuration.
2026-05-20T22:49:17.324+05:30  INFO 19364 --- [wallet-service] [           main] .b.t.c.SpringBootTestContextBootstrapper : Found @SpringBootConfiguration com.paylite.wallet.WalletApplication for test class com.paylite.wallet.TransferIntegrationTest

  .   ____          _            __ _ _
 /\\ / ___'_ __ _ _(_)_ __  __ _ \ \ \ \
( ( )\___ | '_ | '_| | '_ \/ _` | \ \ \ \
 \\/  ___)| |_)| | | | | || (_| |  ) ) ) )
  '  |____| .__|_| |_|_| |_\__, | / / / /
 =========|_|==============|___/=/_/_/_/

 :: Spring Boot ::                (v3.3.5)

2026-05-20T22:49:17.472+05:30  INFO 19364 --- [wallet-service] [           main] c.p.wallet.TransferIntegrationTest       : Starting TransferIntegrationTest using Java 17.0.12 with PID 19364 (started by mayan in E:\payLite\wallet-service)
2026-05-20T22:49:17.472+05:30 DEBUG 19364 --- [wallet-service] [           main] c.p.wallet.TransferIntegrationTest       : Running with Spring Boot v3.3.5, Spring v6.1.14
2026-05-20T22:49:17.472+05:30  INFO 19364 --- [wallet-service] [           main] c.p.wallet.TransferIntegrationTest       : The following 1 profile is active: "test"
2026-05-20T22:49:19.535+05:30  INFO 19364 --- [wallet-service] [           main] .s.d.r.c.RepositoryConfigurationDelegate : Multiple Spring Data modules found, entering strict repository configuration mode
2026-05-20T22:49:19.535+05:30  INFO 19364 --- [wallet-service] [           main] .s.d.r.c.RepositoryConfigurationDelegate : Bootstrapping Spring Data JPA repositories in DEFAULT mode.
2026-05-20T22:49:19.587+05:30  INFO 19364 --- [wallet-service] [           main] .s.d.r.c.RepositoryConfigurationDelegate : Finished Spring Data repository scanning in 50 ms. Found 3 JPA repository interfaces.
2026-05-20T22:49:19.616+05:30  INFO 19364 --- [wallet-service] [           main] .s.d.r.c.RepositoryConfigurationDelegate : Multiple Spring Data modules found, entering strict repository configuration mode
2026-05-20T22:49:19.622+05:30  INFO 19364 --- [wallet-service] [           main] .s.d.r.c.RepositoryConfigurationDelegate : Bootstrapping Spring Data Redis repositories in DEFAULT mode.
2026-05-20T22:49:19.675+05:30  INFO 19364 --- [wallet-service] [           main] .RepositoryConfigurationExtensionSupport : Spring Data Redis - Could not safely identify store assignment for repository candidate interface com.paylite.wallet.repository.TransactionRepository; If you want this repository to be a Redis repository, consider annotating your entities with one of these annotations: org.springframework.data.redis.core.RedisHash (preferred), or consider extending one of the following types with your repository: org.springframework.data.keyvalue.repository.KeyValueRepository
2026-05-20T22:49:19.677+05:30  INFO 19364 --- [wallet-service] [           main] .RepositoryConfigurationExtensionSupport : Spring Data Redis - Could not safely identify store assignment for repository candidate interface com.paylite.wallet.repository.UserRepository; If you want this repository to be a Redis repository, consider annotating your entities with one of these annotations: org.springframework.data.redis.core.RedisHash (preferred), or consider extending one of the following types with your repository: org.springframework.data.keyvalue.repository.KeyValueRepository
2026-05-20T22:49:19.677+05:30  INFO 19364 --- [wallet-service] [           main] .RepositoryConfigurationExtensionSupport : Spring Data Redis - Could not safely identify store assignment for repository candidate interface com.paylite.wallet.repository.WalletRepository; If you want this repository to be a Redis repository, consider annotating your entities with one of these annotations: org.springframework.data.redis.core.RedisHash (preferred), or consider extending one of the following types with your repository: org.springframework.data.keyvalue.repository.KeyValueRepository
2026-05-20T22:49:19.677+05:30  INFO 19364 --- [wallet-service] [           main] .s.d.r.c.RepositoryConfigurationDelegate : Finished Spring Data repository scanning in 16 ms. Found 0 Redis repository interfaces.
2026-05-20T22:49:21.666+05:30  INFO 19364 --- [wallet-service] [           main] o.s.b.w.embedded.tomcat.TomcatWebServer  : Tomcat initialized with port 0 (http)
2026-05-20T22:49:21.721+05:30  INFO 19364 --- [wallet-service] [           main] o.apache.catalina.core.StandardService   : Starting service [Tomcat]
2026-05-20T22:49:21.723+05:30  INFO 19364 --- [wallet-service] [           main] o.apache.catalina.core.StandardEngine    : Starting Servlet engine: [Apache Tomcat/10.1.31]
2026-05-20T22:49:21.986+05:30  INFO 19364 --- [wallet-service] [           main] o.a.c.c.C.[Tomcat].[localhost].[/]       : Initializing Spring embedded WebApplicationContext
2026-05-20T22:49:21.987+05:30  INFO 19364 --- [wallet-service] [           main] w.s.c.ServletWebServerApplicationContext : Root WebApplicationContext: initialization completed in 4508 ms
2026-05-20T22:49:22.527+05:30  INFO 19364 --- [wallet-service] [           main] com.zaxxer.hikari.HikariDataSource       : HikariPool-2 - Starting...
2026-05-20T22:49:22.623+05:30  INFO 19364 --- [wallet-service] [           main] com.zaxxer.hikari.pool.HikariPool        : HikariPool-2 - Added connection com.mysql.cj.jdbc.ConnectionImpl@34af7c8e
2026-05-20T22:49:22.625+05:30  INFO 19364 --- [wallet-service] [           main] com.zaxxer.hikari.HikariDataSource       : HikariPool-2 - Start completed.
2026-05-20T22:49:22.656+05:30  INFO 19364 --- [wallet-service] [           main] org.flywaydb.core.FlywayExecutor         : Database: jdbc:mysql://localhost:3307/paylite_wallet (MySQL 8.0)
2026-05-20T22:49:22.832+05:30  INFO 19364 --- [wallet-service] [           main] o.f.core.internal.command.DbValidate     : Successfully validated 3 migrations (execution time 00:00.109s)
2026-05-20T22:49:22.871+05:30  INFO 19364 --- [wallet-service] [           main] o.f.core.internal.command.DbMigrate      : Current version of schema `paylite_wallet`: 3
2026-05-20T22:49:22.874+05:30  INFO 19364 --- [wallet-service] [           main] o.f.core.internal.command.DbMigrate      : Schema `paylite_wallet` is up to date. No migration necessary.
2026-05-20T22:49:22.981+05:30  INFO 19364 --- [wallet-service] [           main] o.hibernate.jpa.internal.util.LogHelper  : HHH000204: Processing PersistenceUnitInfo [name: default]
2026-05-20T22:49:22.992+05:30  INFO 19364 --- [wallet-service] [           main] o.h.c.internal.RegionFactoryInitiator    : HHH000026: Second-level cache disabled
2026-05-20T22:49:23.023+05:30  INFO 19364 --- [wallet-service] [           main] o.s.o.j.p.SpringPersistenceUnitInfo      : No LoadTimeWeaver setup: ignoring JPA class transformer
2026-05-20T22:49:23.036+05:30  WARN 19364 --- [wallet-service] [           main] org.hibernate.orm.deprecation            : HHH90000025: MySQLDialect does not need to be specified explicitly using 'hibernate.dialect' (remove the property setting and it will be selected by default)
2026-05-20T22:49:23.273+05:30  INFO 19364 --- [wallet-service] [           main] o.h.e.t.j.p.i.JtaPlatformInitiator       : HHH000489: No JTA platform available (set 'hibernate.transaction.jta.platform' to enable JTA platform integration)
2026-05-20T22:49:23.291+05:30  INFO 19364 --- [wallet-service] [           main] j.LocalContainerEntityManagerFactoryBean : Initialized JPA EntityManagerFactory for persistence unit 'default'
2026-05-20T22:49:23.591+05:30 DEBUG 19364 --- [wallet-service] [           main] c.p.w.security.JwtAuthenticationFilter   : Filter 'jwtAuthenticationFilter' configured for use
2026-05-20T22:49:23.859+05:30  INFO 19364 --- [wallet-service] [           main] r$InitializeUserDetailsManagerConfigurer : Global AuthenticationManager configured with UserDetailsService bean with name customUserDetailsService
2026-05-20T22:49:24.956+05:30  WARN 19364 --- [wallet-service] [           main] JpaBaseConfiguration$JpaWebConfiguration : spring.jpa.open-in-view is enabled by default. Therefore, database queries may be performed during view rendering. Explicitly configure spring.jpa.open-in-view to disable this warning
2026-05-20T22:49:25.731+05:30  INFO 19364 --- [wallet-service] [           main] o.s.b.a.e.web.EndpointLinksResolver      : Exposing 3 endpoints beneath base path '/actuator'
2026-05-20T22:49:27.060+05:30  INFO 19364 --- [wallet-service] [           main] o.s.b.w.embedded.tomcat.TomcatWebServer  : Tomcat started on port 57856 (http) with context path '/'
2026-05-20T22:49:27.080+05:30  INFO 19364 --- [wallet-service] [           main] c.p.wallet.TransferIntegrationTest       : Started TransferIntegrationTest in 9.739 seconds (process running for 24.514)
2026-05-20T22:49:27.394+05:30  INFO 19364 --- [wallet-service] [o-auto-1-exec-1] o.a.c.c.C.[Tomcat].[localhost].[/]       : Initializing Spring DispatcherServlet 'dispatcherServlet'
2026-05-20T22:49:27.394+05:30  INFO 19364 --- [wallet-service] [o-auto-1-exec-1] o.s.web.servlet.DispatcherServlet        : Initializing Servlet 'dispatcherServlet'
2026-05-20T22:49:27.402+05:30  INFO 19364 --- [wallet-service] [o-auto-1-exec-1] o.s.web.servlet.DispatcherServlet        : Completed initialization in 8 ms
2026-05-20T22:49:27.686+05:30 DEBUG 19364 --- [wallet-service] [o-auto-1-exec-1] c.p.wallet.controller.AuthController     : POST /api/auth/signup received for email=it-sender-050c180e@paylite.com
2026-05-20T22:49:27.692+05:30  INFO 19364 --- [wallet-service] [o-auto-1-exec-1] com.paylite.wallet.service.UserService   : Signup attempt for email=it-sender-050c180e@paylite.com
2026-05-20T22:49:27.924+05:30  INFO 19364 --- [wallet-service] [o-auto-1-exec-1] com.paylite.wallet.service.UserService   : User and wallet created: userId=16 email=it-sender-050c180e@paylite.com
2026-05-20T22:49:28.016+05:30 DEBUG 19364 --- [wallet-service] [o-auto-1-exec-3] c.p.wallet.controller.AuthController     : POST /api/auth/signup received for email=it-recipient-050c180e@paylite.com
2026-05-20T22:49:28.018+05:30  INFO 19364 --- [wallet-service] [o-auto-1-exec-3] com.paylite.wallet.service.UserService   : Signup attempt for email=it-recipient-050c180e@paylite.com
2026-05-20T22:49:28.183+05:30  INFO 19364 --- [wallet-service] [o-auto-1-exec-3] com.paylite.wallet.service.UserService   : User and wallet created: userId=17 email=it-recipient-050c180e@paylite.com
2026-05-20T22:49:28.207+05:30 DEBUG 19364 --- [wallet-service] [o-auto-1-exec-4] c.p.wallet.controller.AuthController     : POST /api/auth/login received for email=it-sender-050c180e@paylite.com
2026-05-20T22:49:28.207+05:30  INFO 19364 --- [wallet-service] [o-auto-1-exec-4] com.paylite.wallet.service.AuthService   : Login attempt for email=it-sender-050c180e@paylite.com
2026-05-20T22:49:28.361+05:30 DEBUG 19364 --- [wallet-service] [o-auto-1-exec-4] c.p.w.security.CustomUserDetailsService  : Looking up user by email: it-sender-050c180e@paylite.com
2026-05-20T22:49:28.718+05:30 DEBUG 19364 --- [wallet-service] [o-auto-1-exec-4] com.paylite.wallet.security.JwtService   : Generated JWT for email=it-sender-050c180e@paylite.com expiringAt=2026-05-20T17:34:28.542081500Z
2026-05-20T22:49:28.718+05:30  INFO 19364 --- [wallet-service] [o-auto-1-exec-4] com.paylite.wallet.service.AuthService   : Login successful for email=it-sender-050c180e@paylite.com
2026-05-20T22:49:28.837+05:30 DEBUG 19364 --- [wallet-service] [o-auto-1-exec-2] c.p.w.security.CustomUserDetailsService  : Looking up user by email: it-sender-050c180e@paylite.com
2026-05-20T22:49:28.897+05:30 DEBUG 19364 --- [wallet-service] [o-auto-1-exec-2] c.p.w.security.JwtAuthenticationFilter   : Authenticated user via JWT: it-sender-050c180e@paylite.com
2026-05-20T22:49:28.931+05:30 DEBUG 19364 --- [wallet-service] [o-auto-1-exec-2] c.p.wallet.controller.WalletController   : POST /api/wallets/add-money for email=it-sender-050c180e@paylite.com amount=500.00
2026-05-20T22:49:28.935+05:30  INFO 19364 --- [wallet-service] [o-auto-1-exec-2] c.paylite.wallet.service.WalletService   : Credit attempt: email=it-sender-050c180e@paylite.com amount=500.00
2026-05-20T22:49:28.954+05:30  INFO 19364 --- [wallet-service] [o-auto-1-exec-2] c.paylite.wallet.service.WalletService   : Wallet credited: email=it-sender-050c180e@paylite.com newBalance=500.00
2026-05-20T22:49:29.000+05:30 DEBUG 19364 --- [wallet-service] [o-auto-1-exec-5] c.p.w.security.CustomUserDetailsService  : Looking up user by email: it-sender-050c180e@paylite.com
2026-05-20T22:49:29.009+05:30 DEBUG 19364 --- [wallet-service] [o-auto-1-exec-5] c.p.w.security.JwtAuthenticationFilter   : Authenticated user via JWT: it-sender-050c180e@paylite.com
2026-05-20T22:49:29.031+05:30 DEBUG 19364 --- [wallet-service] [o-auto-1-exec-5] c.p.wallet.controller.WalletController   : POST /api/wallets/transfer sender=it-sender-050c180e@paylite.com recipient=it-recipient-050c180e@paylite.com amount=100.00 idempotencyKey=it-key-87a040d1-ee50-4e2f-bb2b-a7170eea8a51
2026-05-20T22:49:29.031+05:30  INFO 19364 --- [wallet-service] [o-auto-1-exec-5] c.p.wallet.service.TransferService       : Transfer request: sender=it-sender-050c180e@paylite.com recipient=it-recipient-050c180e@paylite.com amount=100.00 idempotencyKey=it-key-87a040d1-ee50-4e2f-bb2b-a7170eea8a51
2026-05-20T22:49:30.119+05:30 DEBUG 19364 --- [wallet-service] [o-auto-1-exec-5] c.p.wallet.service.IdempotencyService    : Idempotency key claimed: it-key-87a040d1-ee50-4e2f-bb2b-a7170eea8a51
2026-05-20T22:49:30.158+05:30  INFO 19364 --- [wallet-service] [o-auto-1-exec-5] c.p.wallet.service.TransferService       : Transfer completed: transactionId=4 senderEmail=it-sender-050c180e@paylite.com recipientEmail=it-recipient-050c180e@paylite.com amount=100.00
2026-05-20T22:49:30.189+05:30 DEBUG 19364 --- [wallet-service] [o-auto-1-exec-5] c.p.wallet.service.IdempotencyService    : Cached response for idempotency key: it-key-87a040d1-ee50-4e2f-bb2b-a7170eea8a51
2026-05-20T22:49:30.215+05:30 DEBUG 19364 --- [wallet-service] [o-auto-1-exec-6] c.p.w.security.CustomUserDetailsService  : Looking up user by email: it-sender-050c180e@paylite.com
2026-05-20T22:49:30.221+05:30 DEBUG 19364 --- [wallet-service] [o-auto-1-exec-6] c.p.w.security.JwtAuthenticationFilter   : Authenticated user via JWT: it-sender-050c180e@paylite.com
2026-05-20T22:49:30.225+05:30 DEBUG 19364 --- [wallet-service] [o-auto-1-exec-6] c.p.wallet.controller.WalletController   : POST /api/wallets/transfer sender=it-sender-050c180e@paylite.com recipient=it-recipient-050c180e@paylite.com amount=100.00 idempotencyKey=it-key-87a040d1-ee50-4e2f-bb2b-a7170eea8a51
2026-05-20T22:49:30.226+05:30  INFO 19364 --- [wallet-service] [o-auto-1-exec-6] c.p.wallet.service.TransferService       : Transfer request: sender=it-sender-050c180e@paylite.com recipient=it-recipient-050c180e@paylite.com amount=100.00 idempotencyKey=it-key-87a040d1-ee50-4e2f-bb2b-a7170eea8a51
2026-05-20T22:49:30.235+05:30 DEBUG 19364 --- [wallet-service] [o-auto-1-exec-6] c.p.wallet.service.IdempotencyService    : Returning cached idempotent response for key: it-key-87a040d1-ee50-4e2f-bb2b-a7170eea8a51
]]></system-out>
  </testcase>
</testsuite>